<?xml version="1.0" encoding="UTF-8"?>
<testsuite xmlns:xsi="http://www.w3.org/2001/XMLSchema-instance" xsi:noNamespaceSchemaLocation="https://maven.apache.org/surefire/maven-surefire-plugin/xsd/surefire-test-report.xsd" version="3.0.2" name="com.anklesh.bookstore.catalog.CatalogServiceApplicationTests" time="37.582" tests="1" errors="0" skipped="0" failures="0">
  <properties>
[...]
</properties>
  <testcase name="contextLoads" classname="com.anklesh.bookstore.catalog.CatalogServiceApplicationTests" time="1.416">
    <system-out><![CDATA[18:54:21.965 [main] INFO org.springframework.test.context.support.AnnotationConfigContextLoaderUtils -- Could not detect default configuration classes for test class [com.anklesh.bookstore.catalog.CatalogServiceApplicationTests]: CatalogServiceApplicationTests does not declare any static, non-private, non-final, nested classes annotated with @Configuration.
18:54:22.256 [main] INFO org.springframework.boot.test.context.SpringBootTestContextBootstrapper -- Found @SpringBootConfiguration com.anklesh.bookstore.catalog.CatalogServiceApplication for test class com.anklesh.bookstore.catalog.CatalogServiceApplicationTests
18:54:22.905 [main] INFO org.springframework.boot.devtools.restart.RestartApplicationListener -- Restart disabled due to context in which it is running

  .   ____          _            __ _ _
 /\\ / ___'_ __ _ _(_)_ __  __ _ \ \ \ \
( ( )\___ | '_ | '_| | '_ \/ _` | \ \ \ \
 \\/  ___)| |_)| | | | | || (_| |  ) ) ) )
  '  |____| .__|_| |_|_| |_\__, | / / / /
 =========|_|==============|___/=/_/_/_/

 :: Spring Boot ::                (v3.5.0)

2025-06-10T18:54:24.319+05:30  INFO 14436 --- [catalog-service] [           main] c.a.b.c.CatalogServiceApplicationTests   : Starting CatalogServiceApplicationTests using Java 21.0.1 with PID 14436 (started by admin in D:\Microservices_SB_BookStore\catalog-service)
2025-06-10T18:54:24.322+05:30  INFO 14436 --- [catalog-service] [           main] c.a.b.c.CatalogServiceApplicationTests   : No active profile set, falling back to 1 default profile: "default"
2025-06-10T18:54:28.365+05:30  INFO 14436 --- [catalog-service] [           main] .s.d.r.c.RepositoryConfigurationDelegate : Bootstrapping Spring Data JPA repositories in DEFAULT mode.
2025-06-10T18:54:28.592+05:30  INFO 14436 --- [catalog-service] [           main] .s.d.r.c.RepositoryConfigurationDelegate : Finished Spring Data repository scanning in 191 ms. Found 0 JPA repository interfaces.
2025-06-10T18:54:30.367+05:30  INFO 14436 --- [catalog-service] [           main] org.testcontainers.images.PullPolicy     : Image pull policy will be performed by: DefaultPullPolicy()
2025-06-10T18:54:30.376+05:30  INFO 14436 --- [catalog-service] [           main] o.t.utility.ImageNameSubstitutor         : Image name substitution will be performed by: DefaultImageNameSubstitutor (composite of 'ConfigurationFileImageNameSubstitutor' and 'PrefixingImageNameSubstitutor')
2025-06-10T18:54:30.543+05:30  INFO 14436 --- [catalog-service] [           main] org.testcontainers.DockerClientFactory   : Testcontainers version: 1.21.0
2025-06-10T18:54:31.203+05:30  INFO 14436 --- [catalog-service] [           main] o.t.d.DockerClientProviderStrategy       : Loaded org.testcontainers.dockerclient.NpipeSocketClientProviderStrategy from ~/.testcontainers.properties, will try it first
2025-06-10T18:54:33.478+05:30  INFO 14436 --- [catalog-service] [           main] o.t.d.DockerClientProviderStrategy       : Found Docker environment with local Npipe socket (npipe:////./pipe/docker_engine)
2025-06-10T18:54:33.482+05:30  INFO 14436 --- [catalog-service] [           main] org.testcontainers.DockerClientFactory   : Docker host IP address is localhost
2025-06-10T18:54:33.682+05:30  INFO 14436 --- [catalog-service] [           main] org.testcontainers.DockerClientFactory   : Connected to docker: 
  Server Version: 28.1.1
  API Version: 1.49
  Operating System: Docker Desktop
  Total Memory: 7754 MB
  Labels: 
    com.docker.desktop.address=npipe://\\.\pipe\docker_cli
2025-06-10T18:54:34.309+05:30  INFO 14436 --- [catalog-service] [           main] tc.testcontainers/ryuk:0.11.0            : Creating container for image: testcontainers/ryuk:0.11.0
2025-06-10T18:54:34.858+05:30  INFO 14436 --- [catalog-service] [           main] o.t.utility.RegistryAuthLocator          : Credential helper/store (docker-credential-desktop) does not have credentials for https://index.docker.io/v1/
2025-06-10T18:54:35.893+05:30  INFO 14436 --- [catalog-service] [           main] tc.testcontainers/ryuk:0.11.0            : Container testcontainers/ryuk:0.11.0 is starting: d82548959dd489b170bdc79d623b4840c95e97c2723368b4d651d916548f6c62
2025-06-10T18:54:39.109+05:30  INFO 14436 --- [catalog-service] [           main] tc.testcontainers/ryuk:0.11.0            : Container testcontainers/ryuk:0.11.0 started in PT4.7996817S
2025-06-10T18:54:39.127+05:30  INFO 14436 --- [catalog-service] [           main] o.t.utility.RyukResourceReaper           : Ryuk started - will monitor and terminate Testcontainers containers on JVM exit
2025-06-10T18:54:39.127+05:30  INFO 14436 --- [catalog-service] [           main] org.testcontainers.DockerClientFactory   : Checking the system...
2025-06-10T18:54:39.128+05:30  INFO 14436 --- [catalog-service] [           main] org.testcontainers.DockerClientFactory   : ✔︎ Docker server version should be at least 1.6.0
2025-06-10T18:54:39.129+05:30  INFO 14436 --- [catalog-service] [           main] tc.postgres:16-alpine                    : Creating container for image: postgres:16-alpine
2025-06-10T18:54:39.737+05:30  INFO 14436 --- [catalog-service] [           main] tc.postgres:16-alpine                    : Container postgres:16-alpine is starting: 6a91195b1039063e046dfd7f09db85df9b21f71fe13753c025566cef2a451e74
2025-06-10T18:54:44.619+05:30  INFO 14436 --- [catalog-service] [           main] tc.postgres:16-alpine                    : Container postgres:16-alpine started in PT5.490091S
2025-06-10T18:54:44.621+05:30  INFO 14436 --- [catalog-service] [           main] tc.postgres:16-alpine                    : Container is started (JDBC URL: jdbc:postgresql://localhost:62497/test?loggerLevel=OFF)
2025-06-10T18:54:48.040+05:30  INFO 14436 --- [catalog-service] [           main] org.flywaydb.core.FlywayExecutor         : Database: jdbc:postgresql://localhost:62497/test?loggerLevel=OFF (PostgreSQL 16.9)
2025-06-10T18:54:48.305+05:30  INFO 14436 --- [catalog-service] [           main] o.f.c.i.s.JdbcTableSchemaHistory         : Schema history table "public"."flyway_schema_history" does not exist yet
2025-06-10T18:54:48.345+05:30  INFO 14436 --- [catalog-service] [           main] o.f.core.internal.command.DbValidate     : Successfully validated 0 migrations (execution time 00:00.078s)
2025-06-10T18:54:48.345+05:30  WARN 14436 --- [catalog-service] [           main] o.f.core.internal.command.DbValidate     : No migrations found. Are your locations set up correctly?
2025-06-10T18:54:48.402+05:30  INFO 14436 --- [catalog-service] [           main] o.f.c.i.s.JdbcTableSchemaHistory         : Creating Schema History table "public"."flyway_schema_history" ...
2025-06-10T18:54:48.641+05:30  INFO 14436 --- [catalog-service] [           main] o.f.core.internal.command.DbMigrate      : Current version of schema "public": << Empty Schema >>
2025-06-10T18:54:48.659+05:30  INFO 14436 --- [catalog-service] [           main] o.f.core.internal.command.DbMigrate      : Schema "public" is up to date. No migration necessary.
2025-06-10T18:54:48.916+05:30  INFO 14436 --- [catalog-service] [           main] com.zaxxer.hikari.HikariDataSource       : HikariPool-1 - Starting...
2025-06-10T18:54:49.001+05:30  INFO 14436 --- [catalog-service] [           main] com.zaxxer.hikari.pool.HikariPool        : HikariPool-1 - Added connection org.postgresql.jdbc.PgConnection@579ce2e9
2025-06-10T18:54:49.005+05:30  INFO 14436 --- [catalog-service] [           main] com.zaxxer.hikari.HikariDataSource       : HikariPool-1 - Start completed.
2025-06-10T18:54:49.114+05:30  INFO 14436 --- [catalog-service] [           main] o.hibernate.jpa.internal.util.LogHelper  : HHH000204: Processing PersistenceUnitInfo [name: default]
2025-06-10T18:54:49.318+05:30  INFO 14436 --- [catalog-service] [           main] org.hibernate.Version                    : HHH000412: Hibernate ORM core version 6.6.15.Final
2025-06-10T18:54:49.436+05:30  INFO 14436 --- [catalog-service] [           main] o.h.c.internal.RegionFactoryInitiator    : HHH000026: Second-level cache disabled
2025-06-10T18:54:50.490+05:30  INFO 14436 --- [catalog-service] [           main] o.s.o.j.p.SpringPersistenceUnitInfo      : No LoadTimeWeaver setup: ignoring JPA class transformer
2025-06-10T18:54:50.651+05:30  INFO 14436 --- [catalog-service] [           main] org.hibernate.orm.connections.pooling    : HHH10001005: Database info:
	Database JDBC URL [Connecting through datasource 'HikariDataSource (HikariPool-1)']
	Database driver: undefined/unknown
	Database version: 16.9
	Autocommit mode: undefined/unknown
	Isolation level: undefined/unknown
	Minimum pool size: undefined/unknown
	Maximum pool size: undefined/unknown
2025-06-10T18:54:51.687+05:30  INFO 14436 --- [catalog-service] [           main] o.h.e.t.j.p.i.JtaPlatformInitiator       : HHH000489: No JTA platform available (set 'hibernate.transaction.jta.platform' to enable JTA platform integration)
2025-06-10T18:54:51.698+05:30  INFO 14436 --- [catalog-service] [           main] j.LocalContainerEntityManagerFactoryBean : Initialized JPA EntityManagerFactory for persistence unit 'default'
2025-06-10T18:54:52.798+05:30  WARN 14436 --- [catalog-service] [           main] JpaBaseConfiguration$JpaWebConfiguration : spring.jpa.open-in-view is enabled by default. Therefore, database queries may be performed during view rendering. Explicitly configure spring.jpa.open-in-view to disable this warning
2025-06-10T18:54:56.991+05:30  INFO 14436 --- [catalog-service] [           main] o.s.b.a.e.web.EndpointLinksResolver      : Exposing 14 endpoints beneath base path '/actuator'
2025-06-10T18:54:57.346+05:30  INFO 14436 --- [catalog-service] [           main] c.a.b.c.CatalogServiceApplicationTests   : Started CatalogServiceApplicationTests in 34.549 seconds (process running for 37.671)
]]></system-out>
    <system-err><![CDATA[Mockito is currently self-attaching to enable the inline-mock-maker. This will no longer work in future releases of the JDK. Please add Mockito as an agent to your build as described in Mockito's documentation: https://javadoc.io/doc/org.mockito/mockito-core/latest/org.mockito/org/mockito/Mockito.html#0.3
WARNING: A Java agent has been loaded dynamically (C:\Users\admin\.m2\repository\net\bytebuddy\byte-buddy-agent\1.17.5\byte-buddy-agent-1.17.5.jar)
WARNING: If a serviceability tool is in use, please run with -XX:+EnableDynamicAgentLoading to hide this warning
WARNING: If a serviceability tool is not in use, please run with -Djdk.instrument.traceUsage for more information
WARNING: Dynamic loading of agents will be disallowed by default in a future release
]]></system-err>
  </testcase>
</testsuite>